  Addons.cpp
  InputFun.cpp
C:\Users\igarj\source\repos\InputFun\InputFun\InputFun.cpp(57,22): warning C4018: '<': signed/unsigned mismatch
C:\Users\igarj\source\repos\InputFun\InputFun\InputFun.cpp(60,8): error C3861: 'Find': identifier not found
C:\Users\igarj\source\repos\InputFun\InputFun\InputFun.cpp(62,26): error C2653: 'DataBase': is not a class or namespace name
C:\Users\igarj\source\repos\InputFun\InputFun\InputFun.cpp(62,27): error C3861: 'Find': identifier not found
C:\Users\igarj\source\repos\InputFun\InputFun\InputFun.cpp(62,16): error C3861: 'AddStudent': identifier not found
C:\Users\igarj\source\repos\InputFun\InputFun\InputFun.cpp(66,29): error C2653: 'DataBase': is not a class or namespace name
C:\Users\igarj\source\repos\InputFun\InputFun\InputFun.cpp(66,30): error C3861: 'Find': identifier not found
C:\Users\igarj\source\repos\InputFun\InputFun\InputFun.cpp(66,16): error C3861: 'RemoveStudent': identifier not found
C:\Users\igarj\source\repos\InputFun\InputFun\InputFun.cpp(70,27): error C2653: 'DataBase': is not a class or namespace name
C:\Users\igarj\source\repos\InputFun\InputFun\InputFun.cpp(70,28): error C3861: 'Find': identifier not found
C:\Users\igarj\source\repos\InputFun\InputFun\InputFun.cpp(70,16): error C3861: 'EditStudent': identifier not found
C:\Users\igarj\source\repos\InputFun\InputFun\InputFun.cpp(79,13): error C3861: 'Find': identifier not found
C:\Users\igarj\source\repos\InputFun\InputFun\InputFun.cpp(81,27): error C2653: 'DataBase': is not a class or namespace name
C:\Users\igarj\source\repos\InputFun\InputFun\InputFun.cpp(81,28): error C3861: 'Find': identifier not found
C:\Users\igarj\source\repos\InputFun\InputFun\InputFun.cpp(81,16): error C3861: 'AddLecturer': identifier not found
C:\Users\igarj\source\repos\InputFun\InputFun\InputFun.cpp(85,30): error C2653: 'DataBase': is not a class or namespace name
C:\Users\igarj\source\repos\InputFun\InputFun\InputFun.cpp(85,31): error C3861: 'Find': identifier not found
C:\Users\igarj\source\repos\InputFun\InputFun\InputFun.cpp(85,16): error C3861: 'RemoveLecturer': identifier not found
C:\Users\igarj\source\repos\InputFun\InputFun\InputFun.cpp(89,28): error C2653: 'DataBase': is not a class or namespace name
C:\Users\igarj\source\repos\InputFun\InputFun\InputFun.cpp(89,29): error C3861: 'Find': identifier not found
C:\Users\igarj\source\repos\InputFun\InputFun\InputFun.cpp(89,16): error C3861: 'EditLecturer': identifier not found
  Output.cpp
  Generating Code...
C:\Users\igarj\source\repos\InputFun\InputFun\InputFun.cpp(109,8): error C3861: 'Find': identifier not found
